SF:lib/modules/weather_module/data/weather_network_source.dart
DA:15,1
DA:17,2
DA:18,1
DA:19,1
DA:26,2
DA:27,2
DA:29,0
DA:32,0
DA:33,0
DA:35,0
DA:36,0
DA:38,0
LF:12
LH:6
end_of_record
SF:lib/modules/weather_module/domain/models/weather_response_model.dart
DA:16,0
DA:31,1
DA:32,4
DA:33,1
DA:34,2
DA:35,3
DA:36,3
DA:39,2
DA:40,4
DA:41,2
DA:42,4
DA:43,4
DA:44,2
DA:45,4
DA:46,2
DA:47,2
DA:48,2
DA:49,2
DA:52,0
DA:53,0
DA:54,0
DA:55,0
DA:57,0
DA:58,0
DA:60,0
DA:61,0
DA:62,0
DA:64,0
DA:65,0
DA:66,0
DA:68,0
DA:69,0
DA:71,0
DA:72,0
DA:73,0
DA:75,0
DA:76,0
DA:77,0
DA:78,0
DA:87,0
DA:89,1
DA:90,2
DA:91,2
DA:94,0
DA:95,0
DA:96,0
DA:97,0
DA:108,0
DA:110,1
DA:111,2
DA:112,2
DA:113,2
DA:114,2
DA:117,0
DA:118,0
DA:119,0
DA:120,0
DA:121,0
DA:122,0
DA:135,0
DA:143,1
DA:144,2
DA:145,2
DA:146,2
DA:147,2
DA:148,2
DA:149,2
DA:152,0
DA:153,0
DA:154,0
DA:155,0
DA:156,0
DA:157,0
DA:158,0
DA:159,0
DA:168,0
DA:170,1
DA:171,2
DA:172,2
DA:175,0
DA:176,0
DA:177,0
DA:178,0
DA:186,0
DA:188,1
DA:189,2
DA:192,0
DA:193,0
DA:194,0
DA:206,0
DA:208,1
DA:209,2
DA:210,2
DA:211,2
DA:212,2
DA:213,2
DA:216,0
DA:217,0
DA:218,0
DA:219,0
DA:220,0
DA:221,0
DA:222,0
LF:103
LH:43
end_of_record
SF:lib/core/exceptions/exceptions.dart
DA:6,0
LF:1
LH:0
end_of_record
SF:lib/core/network/dio_client.dart
DA:13,1
DA:15,1
DA:20,1
DA:21,2
DA:28,1
DA:29,3
DA:30,1
DA:31,1
DA:32,5
DA:33,1
DA:34,0
DA:35,0
DA:36,0
DA:40,2
DA:41,1
DA:43,2
DA:44,1
DA:45,1
LF:18
LH:15
end_of_record
